============================= test session starts =============================
platform win32 -- Python 3.13.1, pytest-9.0.2, pluggy-1.6.0 -- C:\Python313\python.exe
cachedir: .pytest_cache
rootdir: C:\D\-Projeler-\Ýde Yönetici
plugins: anyio-4.12.1, asyncio-1.3.0
asyncio: mode=Mode.STRICT, debug=False, asyncio_default_fixture_loop_scope=None, asyncio_default_test_loop_scope=function
collecting ... collected 4 items

test_ide_yonetici.py::test_proje_ekle_ve_getir PASSED                    [ 25%]
test_ide_yonetici.py::test_istatistikler PASSED                          [ 50%]
test_ide_yonetici.py::test_proje_guncelle_ve_sil PASSED                  [ 75%]
test_ide_yonetici.py::test_tanimli_ideler_ve_hesaplar PASSED             [100%]

============================== 4 passed in 0.24s ==============================
